-------------------------------------------------------------------------------
Test set: runners.TestRunner
-------------------------------------------------------------------------------
Tests run: 31, Failures: 0, Errors: 1, Skipped: 0, Time elapsed: 67.483 s <<< FAILURE! - in runners.TestRunner
runners.TestRunner  Time elapsed: 0.895 s  <<< ERROR!
java.lang.IllegalArgumentException: InputStream cannot be null
	at runners.TestRunner.writeExtentReport(TestRunner.java:25)

