<?xml version="1.0" encoding="UTF-8"?>
<testsuite xmlns:xsi="http://www.w3.org/2001/XMLSchema-instance" xsi:noNamespaceSchemaLocation="https://maven.apache.org/surefire/maven-surefire-plugin/xsd/surefire-test-report-3.0.xsd" version="3.0" name="runners.TestRunner" time="67.483" tests="31" errors="1" skipped="0" failures="0">
  <properties>
[...]
</properties>
  <testcase name="Given User go to Tek School page" classname="| test0001@test.com | test0001 |" time="0.002"/>
  <testcase name="When User click on test environment" classname="| test0001@test.com | test0001 |" time="0"/>
  <testcase name="When User click on My Account" classname="| test0001@test.com | test0001 |" time="0"/>
  <testcase name="And User select login from dropdown" classname="| test0001@test.com | test0001 |" time="0"/>
  <testcase name="Then User should see login page" classname="| test0001@test.com | test0001 |" time="0"/>
  <testcase name="When User enter username test0001@test.com" classname="| test0001@test.com | test0001 |" time="0"/>
  <testcase name="And User enter password test0001" classname="| test0001@test.com | test0001 |" time="0.001"/>
  <testcase name="And User click continue button" classname="| test0001@test.com | test0001 |" time="0"/>
  <testcase name="Then User should be logged in successfully" classname="| test0001@test.com | test0001 |" time="0"/>
  <testcase name="| test0001@test.com | test0001 |" classname="| test0001@test.com | test0001 |" time="0.715"/>
  <testcase name="Given User go to Tek School page" classname="| test0002@test.com | test0002 |" time="0"/>
  <testcase name="When User click on test environment" classname="| test0002@test.com | test0002 |" time="0"/>
  <testcase name="When User click on My Account" classname="| test0002@test.com | test0002 |" time="0"/>
  <testcase name="And User select login from dropdown" classname="| test0002@test.com | test0002 |" time="0"/>
  <testcase name="Then User should see login page" classname="| test0002@test.com | test0002 |" time="0"/>
  <testcase name="When User enter username test0002@test.com" classname="| test0002@test.com | test0002 |" time="0"/>
  <testcase name="And User enter password test0002" classname="| test0002@test.com | test0002 |" time="0"/>
  <testcase name="And User click continue button" classname="| test0002@test.com | test0002 |" time="0"/>
  <testcase name="Then User should be logged in successfully" classname="| test0002@test.com | test0002 |" time="0"/>
  <testcase name="| test0002@test.com | test0002 |" classname="| test0002@test.com | test0002 |" time="0.7"/>
  <testcase name="Given User go to Tek School page" classname="| test0003@test.com | test0003 |" time="0"/>
  <testcase name="When User click on test environment" classname="| test0003@test.com | test0003 |" time="0"/>
  <testcase name="When User click on My Account" classname="| test0003@test.com | test0003 |" time="0"/>
  <testcase name="And User select login from dropdown" classname="| test0003@test.com | test0003 |" time="0"/>
  <testcase name="Then User should see login page" classname="| test0003@test.com | test0003 |" time="0"/>
  <testcase name="When User enter username test0003@test.com" classname="| test0003@test.com | test0003 |" time="0"/>
  <testcase name="And User enter password test0003" classname="| test0003@test.com | test0003 |" time="0.001"/>
  <testcase name="And User click continue button" classname="| test0003@test.com | test0003 |" time="0"/>
  <testcase name="Then User should be logged in successfully" classname="| test0003@test.com | test0003 |" time="0"/>
  <testcase name="| test0003@test.com | test0003 |" classname="| test0003@test.com | test0003 |" time="0.707"/>
  <testcase name="runners.TestRunner" classname="runners.TestRunner" time="0.895">
    <error message="InputStream cannot be null" type="java.lang.IllegalArgumentException">java.lang.IllegalArgumentException: InputStream cannot be null
	at runners.TestRunner.writeExtentReport(TestRunner.java:25)
</error>
    <system-err><![CDATA[Jun 08, 2019 12:46:56 PM com.aventstack.extentreports.configuration.ConfigLoader <init>
SEVERE: C:\Users\abdul\eclipse-workspace\BDDTestFramework\src\test\resources\Configs\extent-confit.xml
java.io.FileNotFoundException: C:\Users\abdul\eclipse-workspace\BDDTestFramework\src\test\resources\Configs\extent-confit.xml (The system cannot find the file specified)
	at java.io.FileInputStream.open0(Native Method)
	at java.io.FileInputStream.open(FileInputStream.java:195)
	at java.io.FileInputStream.<init>(FileInputStream.java:138)
	at com.aventstack.extentreports.configuration.ConfigLoader.<init>(ConfigLoader.java:49)
	at com.aventstack.extentreports.reporter.AbstractReporter.loadXMLConfig(AbstractReporter.java:64)
	at com.cucumber.listener.Reporter.loadXMLConfig(Reporter.java:56)
	at runners.TestRunner.writeExtentReport(TestRunner.java:25)
	at sun.reflect.NativeMethodAccessorImpl.invoke0(Native Method)
	at sun.reflect.NativeMethodAccessorImpl.invoke(NativeMethodAccessorImpl.java:62)
	at sun.reflect.DelegatingMethodAccessorImpl.invoke(DelegatingMethodAccessorImpl.java:43)
	at java.lang.reflect.Method.invoke(Method.java:498)
	at org.junit.runners.model.FrameworkMethod$1.runReflectiveCall(FrameworkMethod.java:50)
	at org.junit.internal.runners.model.ReflectiveCallable.run(ReflectiveCallable.java:12)
	at org.junit.runners.model.FrameworkMethod.invokeExplosively(FrameworkMethod.java:47)
	at org.junit.internal.runners.statements.RunAfters.evaluate(RunAfters.java:33)
	at org.junit.runners.ParentRunner.run(ParentRunner.java:363)
	at cucumber.api.junit.Cucumber.run(Cucumber.java:100)
	at org.apache.maven.surefire.junit4.JUnit4Provider.execute(JUnit4Provider.java:365)
	at org.apache.maven.surefire.junit4.JUnit4Provider.executeWithRerun(JUnit4Provider.java:273)
	at org.apache.maven.surefire.junit4.JUnit4Provider.executeTestSet(JUnit4Provider.java:238)
	at org.apache.maven.surefire.junit4.JUnit4Provider.invoke(JUnit4Provider.java:159)
	at org.apache.maven.surefire.booter.ForkedBooter.invokeProviderInSameClassLoader(ForkedBooter.java:384)
	at org.apache.maven.surefire.booter.ForkedBooter.runSuitesInProcess(ForkedBooter.java:345)
	at org.apache.maven.surefire.booter.ForkedBooter.execute(ForkedBooter.java:126)
	at org.apache.maven.surefire.booter.ForkedBooter.main(ForkedBooter.java:418)

]]></system-err>
  </testcase>
</testsuite>